#
# A fatal error has been detected by the Java Runtime Environment:
#
#  SIGSEGV (0xb) at pc=0x00007f1224562ad5, pid=1364, tid=139715914225408
#
# JRE version: Java(TM) SE Runtime Environment (8.0_60-b27) (build 1.8.0_60-b27)
# Java VM: Java HotSpot(TM) 64-Bit Server VM (25.60-b23 mixed mode linux-amd64 compressed oops)
# Problematic frame:
# V  [libjvm.so+0xa30ad5]  SystemDictionary::load_instance_class(Symbol*, Handle, Thread*)+0x325
#
# Failed to write core dump. Core dumps have been disabled. To enable core dumping, try "ulimit -c unlimited" before starting Java again
#
# If you would like to submit a bug report, please visit:
#   http://bugreport.java.com/bugreport/crash.jsp
#

---------------  T H R E A D  ---------------

Current thread (0x00007f121c00c000):  JavaThread "main" [_thread_in_vm, id=1370, stack(0x00007f12255fd000,0x00007f12256fe000)]

siginfo: si_signo: 11 (SIGSEGV), si_code: 128 (SI_KERNEL), si_addr: 0x0000000000000000

Registers:
RAX=0x656b636172746567, RBX=0x00007f121c01f3e0, RCX=0x00007f121c00c000, RDX=0x00007f1220357040
RSP=0x00007f12256f9ab0, RBP=0x00007f12256f9b70, RSI=0x00007f120c045d98, RDI=0x00007f121c01f3e0
R8 =0x000000000000000a, R9 =0x000000000000000a, R10=0x0000000000000009, R11=0x000000000000000a
R12=0x00007f121c0096e0, R13=0x00007f121c00c000, R14=0x00007f12256f9ae0, R15=0x00007f11a8037ca0
RIP=0x00007f1224562ad5, EFLAGS=0x0000000000010246, CSGSFS=0x0000000000000033, ERR=0x0000000000000000
  TRAPNO=0x000000000000000d

Top of Stack: (sp=0x00007f12256f9ab0)
0x00007f12256f9ab0:   00007f121c00c000 00007f1223e13870
0x00007f12256f9ac0:   00007f1220357040 00007f11a803a400
0x00007f12256f9ad0:   00007f11a803fc88 0000000000018360
0x00007f12256f9ae0:   0000000000000000 0000000682dc9b89
0x00007f12256f9af0:   0000000000000001 00007f121c017c20
0x00007f12256f9b00:   00007f121c017ca0 00007f121c017d20
0x00007f12256f9b10:   00007f121c00d544 00007f121c00d560
0x00007f12256f9b20:   0000000300000000 00007f122449a62e
0x00007f12256f9b30:   000000000000000c 00007f121c01f3e0
0x00007f12256f9b40:   00007f121c0bb180 0000000000000001
0x00007f12256f9b50:   00007f121c0bb180 00007f121c00c000
0x00007f12256f9b60:   0000000000000000 00007f121c009818
0x00007f12256f9b70:   00007f12256f9ca0 00007f1224561a8c
0x00007f12256f9b80:   0000000000000000 00007f121c00c000
0x00007f12256f9b90:   00007f12256f9c30 000000e0000000e0
0x00007f12256f9ba0:   00007f121c009808 00007f1220357040
0x00007f12256f9bb0:   00007f121c007cf0 6132901e2459c0b6
0x00007f12256f9bc0:   75e845c26132901e 000003f114dad5dc
0x00007f12256f9bd0:   0000000000000000 00007f121c009818
0x00007f12256f9be0:   00007f121c007cf0 0000000000000000
0x00007f12256f9bf0:   0000000682dc9553 0000001a0744cde0
0x00007f12256f9c00:   00007f12256fc130 00007f121c00c000
0x00007f12256f9c10:   00007f12256fc130 00007f121c0096e0
0x00007f12256f9c20:   0000000000007fe8 0000000000000000
0x00007f12256f9c30:   00007f121c00c000 00007f121c009818
0x00007f12256f9c40:   00007f12256f9ca0 00007f1223e11a00
0x00007f12256f9c50:   0000000682dc9553 0000001a0744cde0
0x00007f12256f9c60:   00007f121c009818 0000000000000001
0x00007f12256f9c70:   0000000000000001 00007f121c00c000
0x00007f12256f9c80:   00007f121c009808 00007f121c009810
0x00007f12256f9c90:   00007f1220357040 0000000000000001
0x00007f12256f9ca0:   00007f12256f9ce0 00007f1224562fc3 

Instructions: (pc=0x00007f1224562ad5)
0x00007f1224562ab5:   ff 48 89 df e8 62 d4 c5 ff 84 c0 0f 85 cf fd ff
0x00007f1224562ac5:   ff 48 89 df e8 d2 d3 c5 ff 48 8b 95 50 ff ff ff
0x00007f1224562ad5:   48 3b 50 10 48 89 c3 0f 85 b3 fd ff ff e9 b0 fd
0x00007f1224562ae5:   ff ff 66 0f 1f 84 00 00 00 00 00 48 8b 05 b1 05 

Register to memory mapping:

RAX=0x656b636172746567 is an unknown value
RBX=0x00007f121c01f3e0 is an unknown value
RCX=0x00007f121c00c000 is a thread
RDX=0x00007f1220357040 is an unknown value
RSP=0x00007f12256f9ab0 is pointing into the stack for thread: 0x00007f121c00c000
RBP=0x00007f12256f9b70 is pointing into the stack for thread: 0x00007f121c00c000
RSI={method} {0x00007f120c045d98} 'loadClass' '(Ljava/lang/String;)Ljava/lang/Class;' in 'java/lang/ClassLoader'
RDI=0x00007f121c01f3e0 is an unknown value
R8 =0x000000000000000a is an unknown value
R9 =0x000000000000000a is an unknown value
R10=0x0000000000000009 is an unknown value
R11=0x000000000000000a is an unknown value
R12=0x00007f121c0096e0 is an unknown value
R13=0x00007f121c00c000 is a thread
R14=0x00007f12256f9ae0 is pointing into the stack for thread: 0x00007f121c00c000
R15=0x00007f11a8037ca0 is an unknown value


Stack: [0x00007f12255fd000,0x00007f12256fe000],  sp=0x00007f12256f9ab0,  free space=1010k
Native frames: (J=compiled Java code, j=interpreted, Vv=VM code, C=native code)
V  [libjvm.so+0xa30ad5]  SystemDictionary::load_instance_class(Symbol*, Handle, Thread*)+0x325
V  [libjvm.so+0xa2fa8c]  SystemDictionary::resolve_instance_class_or_null(Symbol*, Handle, Handle, Thread*)+0x7cc
V  [libjvm.so+0xa30fc3]  SystemDictionary::resolve_or_fail(Symbol*, Handle, Handle, bool, Thread*)+0x33
V  [libjvm.so+0xa9589e]  VerificationType::is_reference_assignable_from(VerificationType const&, ClassVerifier*, bool, Thread*) const+0xee
V  [libjvm.so+0xaaa8c5]  StackMapFrame::pop_stack(VerificationType, Thread*)+0x195
V  [libjvm.so+0xaa11b6]  ClassVerifier::verify_invoke_instructions(RawBytecodeStream*, unsigned int, StackMapFrame*, bool, bool*, VerificationType, constantPoolHandle, StackMapTable*, Thread*)+0x9d6
V  [libjvm.so+0xaa3566]  ClassVerifier::verify_method(methodHandle, Thread*)+0x1856
V  [libjvm.so+0xaa855b]  ClassVerifier::verify_class(Thread*)+0xcb
V  [libjvm.so+0xaa9495]  Verifier::verify(instanceKlassHandle, Verifier::Mode, bool, Thread*)+0x525
V  [libjvm.so+0x63eea1]  InstanceKlass::link_class_impl(instanceKlassHandle, bool, Thread*)+0x361
V  [libjvm.so+0x6406cf]  InstanceKlass::initialize_impl(instanceKlassHandle, Thread*)+0x6f
V  [libjvm.so+0x640bd1]  InstanceKlass::initialize(Thread*)+0x41
V  [libjvm.so+0x68026a]  InterpreterRuntime::_new(JavaThread*, ConstantPool*, int)+0x23a
j  edu.wpi.disco.Interaction.<init>(Ledu/wpi/disco/Actor;Ledu/wpi/disco/Actor;Ljava/lang/String;ZLedu/wpi/disco/Disco;Ljava/lang/String;)V+37
j  edu.wpi.disco.Interaction.<init>(Ledu/wpi/disco/Actor;Ledu/wpi/disco/Actor;Ljava/lang/String;)V+9
j  Mechanisms.Collaboration.Collaboration.<init>([Ljava/lang/String;)V+98
j  MetaInformation.MentalProcesses.<init>([Ljava/lang/String;)V+10
j  AffectiveMotivationalCollaborationFramework.main([Ljava/lang/String;)V+5
v  ~StubRoutines::call_stub
V  [libjvm.so+0x68bbe6]  JavaCalls::call_helper(JavaValue*, methodHandle*, JavaCallArguments*, Thread*)+0x1056
V  [libjvm.so+0x6cd182]  jni_invoke_static(JNIEnv_*, JavaValue*, _jobject*, JNICallType, _jmethodID*, JNI_ArgumentPusher*, Thread*)+0x362
V  [libjvm.so+0x6e9b8a]  jni_CallStaticVoidMethod+0x17a
C  [libjli.so+0x7bcc]  JavaMain+0x80c
C  [libpthread.so.0+0x8182]  start_thread+0xc2

Java frames: (J=compiled Java code, j=interpreted, Vv=VM code)
j  edu.wpi.disco.Interaction.<init>(Ledu/wpi/disco/Actor;Ledu/wpi/disco/Actor;Ljava/lang/String;ZLedu/wpi/disco/Disco;Ljava/lang/String;)V+37
j  edu.wpi.disco.Interaction.<init>(Ledu/wpi/disco/Actor;Ledu/wpi/disco/Actor;Ljava/lang/String;)V+9
j  Mechanisms.Collaboration.Collaboration.<init>([Ljava/lang/String;)V+98
j  MetaInformation.MentalProcesses.<init>([Ljava/lang/String;)V+10
j  AffectiveMotivationalCollaborationFramework.main([Ljava/lang/String;)V+5
v  ~StubRoutines::call_stub

---------------  P R O C E S S  ---------------

Java Threads: ( => current thread )
  0x00007f121c0e4800 JavaThread "Service Thread" daemon [_thread_blocked, id=1397, stack(0x00007f11f96b4000,0x00007f11f97b5000)]
  0x00007f121c0d7000 JavaThread "C1 CompilerThread3" daemon [_thread_blocked, id=1396, stack(0x00007f11f97b5000,0x00007f11f98b6000)]
  0x00007f121c0d5000 JavaThread "C2 CompilerThread2" daemon [_thread_blocked, id=1395, stack(0x00007f11f98b6000,0x00007f11f99b7000)]
  0x00007f121c0d3800 JavaThread "C2 CompilerThread1" daemon [_thread_blocked, id=1394, stack(0x00007f11f99b7000,0x00007f11f9ab8000)]
  0x00007f121c0d0800 JavaThread "C2 CompilerThread0" daemon [_thread_blocked, id=1393, stack(0x00007f11f9ab8000,0x00007f11f9bb9000)]
  0x00007f11c0001000 JavaThread "JDWP Command Reader" daemon [_thread_in_native, id=1390, stack(0x00007f11f9bb9000,0x00007f11f9cba000)]
  0x00007f121c0ce000 JavaThread "JDWP Event Helper Thread" daemon [_thread_blocked, id=1388, stack(0x00007f11f9cba000,0x00007f11f9dbb000)]
  0x00007f121c0ca800 JavaThread "JDWP Transport Listener: dt_socket" daemon [_thread_blocked, id=1386, stack(0x00007f11f9dbb000,0x00007f11f9ebc000)]
  0x00007f121c0be800 JavaThread "Signal Dispatcher" daemon [_thread_blocked, id=1384, stack(0x00007f11fa0c0000,0x00007f11fa1c1000)]
  0x00007f121c089800 JavaThread "Finalizer" daemon [_thread_blocked, id=1382, stack(0x00007f11fa1c1000,0x00007f11fa2c2000)]
  0x00007f121c087000 JavaThread "Reference Handler" daemon [_thread_blocked, id=1381, stack(0x00007f11fa2c2000,0x00007f11fa3c3000)]
=>0x00007f121c00c000 JavaThread "main" [_thread_in_vm, id=1370, stack(0x00007f12255fd000,0x00007f12256fe000)]

Other Threads:
  0x00007f121c082000 VMThread [stack: 0x00007f11fa3c3000,0x00007f11fa4c4000] [id=1380]
  0x00007f121c0e7800 WatcherThread [stack: 0x00007f11f95b3000,0x00007f11f96b4000] [id=1398]

VM state:not at safepoint (normal execution)

VM Mutex/Monitor currently owned by a thread: None

Heap:
 PSYoungGen      total 74752K, used 6451K [0x000000076cb80000, 0x0000000771e80000, 0x00000007c0000000)
  eden space 64512K, 10% used [0x000000076cb80000,0x000000076d1ccda0,0x0000000770a80000)
  from space 10240K, 0% used [0x0000000771480000,0x0000000771480000,0x0000000771e80000)
  to   space 10240K, 0% used [0x0000000770a80000,0x0000000770a80000,0x0000000771480000)
 ParOldGen       total 171008K, used 0K [0x00000006c6200000, 0x00000006d0900000, 0x000000076cb80000)
  object space 171008K, 0% used [0x00000006c6200000,0x00000006c6200000,0x00000006d0900000)
 Metaspace       used 3362K, capacity 5112K, committed 5376K, reserved 1056768K
  class space    used 374K, capacity 488K, committed 512K, reserved 1048576K

Card table byte_map: [0x00007f12210e3000,0x00007f12218b3000] byte_map_base: 0x00007f121dab2000

Marking Bits: (ParMarkBitMap*) 0x00007f1224ae0de0
 Begin Bits: [0x00007f11d4310000, 0x00007f11d8188000)
 End Bits:   [0x00007f11d8188000, 0x00007f11dc000000)

Polling page: 0x00007f1225728000

CodeCache: size=245760Kb used=1245Kb max_used=1245Kb free=244514Kb
 bounds [0x00007f120d000000, 0x00007f120d270000, 0x00007f121c000000]
 total_blobs=329 nmethods=104 adapters=147
 compilation: enabled

Compilation events (10 events):
Event: 0.144 Thread 0x00007f121c0d7000   98   !   3       java.util.zip.Inflater::inflate (113 bytes)
Event: 0.144 Thread 0x00007f121c0d7000 nmethod 98 0x00007f120d1323d0 code [0x00007f120d1325a0, 0x00007f120d132c78]
Event: 0.144 Thread 0x00007f121c0d7000  100       3       sun.net.www.ParseUtil::encodePath (336 bytes)
Event: 0.145 Thread 0x00007f121c0d7000 nmethod 100 0x00007f120d135210 code [0x00007f120d135480, 0x00007f120d1364b8]
Event: 0.145 Thread 0x00007f121c0d7000  101  s    3       java.lang.StringBuffer::append (13 bytes)
Event: 0.145 Thread 0x00007f121c0d7000 nmethod 101 0x00007f120d131e50 code [0x00007f120d131fc0, 0x00007f120d1322e8]
Event: 0.145 Thread 0x00007f121c0d7000  102   !   3       java.lang.ref.ReferenceQueue::poll (28 bytes)
Event: 0.145 Thread 0x00007f121c0d7000 nmethod 102 0x00007f120d136cd0 code [0x00007f120d136e60, 0x00007f120d137208]
Event: 0.145 Thread 0x00007f121c0d7000  104       3       java.lang.ref.Reference::<init> (25 bytes)
Event: 0.145 Thread 0x00007f121c0d7000 nmethod 104 0x00007f120d137350 code [0x00007f120d1374c0, 0x00007f120d137710]

GC Heap History (0 events):
No events

Deoptimization events (0 events):
No events

Internal exceptions (2 events):
Event: 0.016 Thread 0x00007f121c00c000 Exception <a 'java/lang/NoSuchMethodError': Method sun.misc.Unsafe.defineClass(Ljava/lang/String;[BII)Ljava/lang/Class; name or signature does not match> (0x000000076cb92a60) thrown at [/HUDSON/workspace/8-2-build-linux-amd64/jdk8u60/4407/hotspot/src/shar
Event: 0.016 Thread 0x00007f121c00c000 Exception <a 'java/lang/NoSuchMethodError': Method sun.misc.Unsafe.prefetchRead(Ljava/lang/Object;J)V name or signature does not match> (0x000000076cb92d48) thrown at [/HUDSON/workspace/8-2-build-linux-amd64/jdk8u60/4407/hotspot/src/share/vm/prims/jni.cpp

Events (10 events):
Event: 4.115 Executing VM operation: EnableBiasedLocking
Event: 4.115 Executing VM operation: EnableBiasedLocking done
Event: 13.025 Executing VM operation: GetOrSetLocal
Event: 13.025 Executing VM operation: GetOrSetLocal done
Event: 27.965 Executing VM operation: GetCurrentLocation
Event: 27.965 Executing VM operation: GetCurrentLocation done
Event: 27.965 Executing VM operation: EnterInterpOnlyMode
Event: 27.965 Executing VM operation: EnterInterpOnlyMode done
Event: 27.965 Executing VM operation: ChangeSingleStep
Event: 27.965 Executing VM operation: ChangeSingleStep done


Dynamic libraries:
00400000-00401000 r-xp 00000000 08:01 8142485                            /usr/lib/jvm/jdk1.8.0_60/bin/java
00600000-00601000 rw-p 00000000 08:01 8142485                            /usr/lib/jvm/jdk1.8.0_60/bin/java
02219000-0223a000 rw-p 00000000 00:00 0                                  [heap]
6c6200000-6d0900000 rw-p 00000000 00:00 0 
6d0900000-76cb80000 ---p 00000000 00:00 0 
76cb80000-771e80000 rw-p 00000000 00:00 0 
771e80000-7c0000000 ---p 00000000 00:00 0 
7c0000000-7c0080000 rw-p 00000000 00:00 0 
7c0080000-800000000 ---p 00000000 00:00 0 
7f11a0000000-7f11a0021000 rw-p 00000000 00:00 0 
7f11a0021000-7f11a4000000 ---p 00000000 00:00 0 
7f11a8000000-7f11a8075000 rw-p 00000000 00:00 0 
7f11a8075000-7f11ac000000 ---p 00000000 00:00 0 
7f11ac000000-7f11ac021000 rw-p 00000000 00:00 0 
7f11ac021000-7f11b0000000 ---p 00000000 00:00 0 
7f11b0000000-7f11b0021000 rw-p 00000000 00:00 0 
7f11b0021000-7f11b4000000 ---p 00000000 00:00 0 
7f11b4000000-7f11b4021000 rw-p 00000000 00:00 0 
7f11b4021000-7f11b8000000 ---p 00000000 00:00 0 
7f11b8000000-7f11b8021000 rw-p 00000000 00:00 0 
7f11b8021000-7f11bc000000 ---p 00000000 00:00 0 
7f11bc000000-7f11bc066000 rw-p 00000000 00:00 0 
7f11bc066000-7f11c0000000 ---p 00000000 00:00 0 
7f11c0000000-7f11c0021000 rw-p 00000000 00:00 0 
7f11c0021000-7f11c4000000 ---p 00000000 00:00 0 
7f11c4000000-7f11c4021000 rw-p 00000000 00:00 0 
7f11c4021000-7f11c8000000 ---p 00000000 00:00 0 
7f11c8000000-7f11c8021000 rw-p 00000000 00:00 0 
7f11c8021000-7f11cc000000 ---p 00000000 00:00 0 
7f11cc000000-7f11cc021000 rw-p 00000000 00:00 0 
7f11cc021000-7f11d0000000 ---p 00000000 00:00 0 
7f11d0000000-7f11d0021000 rw-p 00000000 00:00 0 
7f11d0021000-7f11d4000000 ---p 00000000 00:00 0 
7f11d4310000-7f11dc000000 rw-p 00000000 00:00 0 
7f11dc000000-7f11dc021000 rw-p 00000000 00:00 0 
7f11dc021000-7f11e0000000 ---p 00000000 00:00 0 
7f11e0000000-7f11e0021000 rw-p 00000000 00:00 0 
7f11e0021000-7f11e4000000 ---p 00000000 00:00 0 
7f11e4000000-7f11e4021000 rw-p 00000000 00:00 0 
7f11e4021000-7f11e8000000 ---p 00000000 00:00 0 
7f11ec000000-7f11ec021000 rw-p 00000000 00:00 0 
7f11ec021000-7f11f0000000 ---p 00000000 00:00 0 
7f11f4000000-7f11f4021000 rw-p 00000000 00:00 0 
7f11f4021000-7f11f8000000 ---p 00000000 00:00 0 
7f11f95b3000-7f11f95b4000 ---p 00000000 00:00 0 
7f11f95b4000-7f11f96b4000 rw-p 00000000 00:00 0                          [stack:1398]
7f11f96b4000-7f11f96b7000 ---p 00000000 00:00 0 
7f11f96b7000-7f11f97b5000 rw-p 00000000 00:00 0                          [stack:1397]
7f11f97b5000-7f11f97b8000 ---p 00000000 00:00 0 
7f11f97b8000-7f11f98b6000 rw-p 00000000 00:00 0                          [stack:1396]
7f11f98b6000-7f11f98b9000 ---p 00000000 00:00 0 
7f11f98b9000-7f11f99b7000 rw-p 00000000 00:00 0                          [stack:1395]
7f11f99b7000-7f11f99ba000 ---p 00000000 00:00 0 
7f11f99ba000-7f11f9ab8000 rw-p 00000000 00:00 0                          [stack:1394]
7f11f9ab8000-7f11f9abb000 ---p 00000000 00:00 0 
7f11f9abb000-7f11f9bb9000 rw-p 00000000 00:00 0                          [stack:1393]
7f11f9bb9000-7f11f9bbc000 ---p 00000000 00:00 0 
7f11f9bbc000-7f11f9cba000 rw-p 00000000 00:00 0                          [stack:1390]
7f11f9cba000-7f11f9cbd000 ---p 00000000 00:00 0 
7f11f9cbd000-7f11f9dbb000 rw-p 00000000 00:00 0                          [stack:1388]
7f11f9dbb000-7f11f9dbe000 ---p 00000000 00:00 0 
7f11f9dbe000-7f11f9ebc000 rw-p 00000000 00:00 0                          [stack:1386]
7f11f9ebc000-7f11f9ec0000 r-xp 00000000 08:01 8142660                    /usr/lib/jvm/jdk1.8.0_60/jre/lib/amd64/libdt_socket.so
7f11f9ec0000-7f11fa0bf000 ---p 00004000 08:01 8142660                    /usr/lib/jvm/jdk1.8.0_60/jre/lib/amd64/libdt_socket.so
7f11fa0bf000-7f11fa0c0000 rw-p 00003000 08:01 8142660                    /usr/lib/jvm/jdk1.8.0_60/jre/lib/amd64/libdt_socket.so
7f11fa0c0000-7f11fa0c3000 ---p 00000000 00:00 0 
7f11fa0c3000-7f11fa1c1000 rw-p 00000000 00:00 0                          [stack:1384]
7f11fa1c1000-7f11fa1c4000 ---p 00000000 00:00 0 
7f11fa1c4000-7f11fa2c2000 rw-p 00000000 00:00 0                          [stack:1382]
7f11fa2c2000-7f11fa2c5000 ---p 00000000 00:00 0 
7f11fa2c5000-7f11fa3c3000 rw-p 00000000 00:00 0                          [stack:1381]
7f11fa3c3000-7f11fa3c4000 ---p 00000000 00:00 0 
7f11fa3c4000-7f11fc000000 rw-p 00000000 00:00 0                          [stack:1380]
7f11fc000000-7f11fc021000 rw-p 00000000 00:00 0 
7f11fc021000-7f1200000000 ---p 00000000 00:00 0 
7f1200000000-7f1200021000 rw-p 00000000 00:00 0 
7f1200021000-7f1204000000 ---p 00000000 00:00 0 
7f1204000000-7f1204021000 rw-p 00000000 00:00 0 
7f1204021000-7f1208000000 ---p 00000000 00:00 0 
7f1208000000-7f1208021000 rw-p 00000000 00:00 0 
7f1208021000-7f120c000000 ---p 00000000 00:00 0 
7f120c010000-7f120c4f1000 rw-p 00000000 00:00 0 
7f120c4f1000-7f120c831000 ---p 00000000 00:00 0 
7f120c831000-7f120d000000 rw-p 00000000 00:00 0 
7f120d000000-7f120d270000 rwxp 00000000 00:00 0 
7f120d270000-7f121c000000 ---p 00000000 00:00 0 
7f121c000000-7f121c3ff000 rw-p 00000000 00:00 0 
7f121c3ff000-7f1220000000 ---p 00000000 00:00 0 
7f1220016000-7f12200fd000 rw-p 00000000 00:00 0 
7f12200fd000-7f12202d5000 r--s 03d17000 08:01 8142842                    /usr/lib/jvm/jdk1.8.0_60/jre/lib/rt.jar
7f12202d5000-7f12203a6000 rw-p 00000000 00:00 0 
7f12203a6000-7f12203a7000 ---p 00000000 00:00 0 
7f12203a7000-7f12204a7000 rw-p 00000000 00:00 0                          [stack:1379]
7f12204a7000-7f12204a8000 ---p 00000000 00:00 0 
7f12204a8000-7f12205a8000 rw-p 00000000 00:00 0                          [stack:1378]
7f12205a8000-7f12205a9000 ---p 00000000 00:00 0 
7f12205a9000-7f12206a9000 rw-p 00000000 00:00 0                          [stack:1377]
7f12206a9000-7f12206aa000 ---p 00000000 00:00 0 
7f12206aa000-7f12207aa000 rw-p 00000000 00:00 0                          [stack:1376]
7f12207aa000-7f12207ab000 ---p 00000000 00:00 0 
7f12207ab000-7f12208ab000 rw-p 00000000 00:00 0                          [stack:1375]
7f12208ab000-7f12208ac000 ---p 00000000 00:00 0 
7f12208ac000-7f12209ac000 rw-p 00000000 00:00 0                          [stack:1374]
7f12209ac000-7f12209ad000 ---p 00000000 00:00 0 
7f12209ad000-7f1220aad000 rw-p 00000000 00:00 0                          [stack:1373]
7f1220aad000-7f1220aae000 ---p 00000000 00:00 0 
7f1220aae000-7f1220c02000 rw-p 00000000 00:00 0                          [stack:1372]
7f1220c02000-7f12210e3000 ---p 00000000 00:00 0 
7f12210e3000-7f1221137000 rw-p 00000000 00:00 0 
7f1221137000-7f1221617000 ---p 00000000 00:00 0 
7f1221617000-7f1221642000 rw-p 00000000 00:00 0 
7f1221642000-7f12218b2000 ---p 00000000 00:00 0 
7f12218b2000-7f12218bd000 rw-p 00000000 00:00 0 
7f12218bd000-7f1221c73000 ---p 00000000 00:00 0 
7f1221c73000-7f1221c8d000 r-xp 00000000 08:01 8142628                    /usr/lib/jvm/jdk1.8.0_60/jre/lib/amd64/libzip.so
7f1221c8d000-7f1221e8d000 ---p 0001a000 08:01 8142628                    /usr/lib/jvm/jdk1.8.0_60/jre/lib/amd64/libzip.so
7f1221e8d000-7f1221e8e000 rw-p 0001a000 08:01 8142628                    /usr/lib/jvm/jdk1.8.0_60/jre/lib/amd64/libzip.so
7f1221e8e000-7f1221e99000 r-xp 00000000 08:01 7493925                    /lib/x86_64-linux-gnu/libnss_files-2.19.so
7f1221e99000-7f1222098000 ---p 0000b000 08:01 7493925                    /lib/x86_64-linux-gnu/libnss_files-2.19.so
7f1222098000-7f1222099000 r--p 0000a000 08:01 7493925                    /lib/x86_64-linux-gnu/libnss_files-2.19.so
7f1222099000-7f122209a000 rw-p 0000b000 08:01 7493925                    /lib/x86_64-linux-gnu/libnss_files-2.19.so
7f122209a000-7f12220a5000 r-xp 00000000 08:01 7493917                    /lib/x86_64-linux-gnu/libnss_nis-2.19.so
7f12220a5000-7f12222a4000 ---p 0000b000 08:01 7493917                    /lib/x86_64-linux-gnu/libnss_nis-2.19.so
7f12222a4000-7f12222a5000 r--p 0000a000 08:01 7493917                    /lib/x86_64-linux-gnu/libnss_nis-2.19.so
7f12222a5000-7f12222a6000 rw-p 0000b000 08:01 7493917                    /lib/x86_64-linux-gnu/libnss_nis-2.19.so
7f12222a6000-7f12222bd000 r-xp 00000000 08:01 7493913                    /lib/x86_64-linux-gnu/libnsl-2.19.so
7f12222bd000-7f12224bc000 ---p 00017000 08:01 7493913                    /lib/x86_64-linux-gnu/libnsl-2.19.so
7f12224bc000-7f12224bd000 r--p 00016000 08:01 7493913                    /lib/x86_64-linux-gnu/libnsl-2.19.so
7f12224bd000-7f12224be000 rw-p 00017000 08:01 7493913                    /lib/x86_64-linux-gnu/libnsl-2.19.so
7f12224be000-7f12224c0000 rw-p 00000000 00:00 0 
7f12224c0000-7f12224c9000 r-xp 00000000 08:01 7493912                    /lib/x86_64-linux-gnu/libnss_compat-2.19.so
7f12224c9000-7f12226c8000 ---p 00009000 08:01 7493912                    /lib/x86_64-linux-gnu/libnss_compat-2.19.so
7f12226c8000-7f12226c9000 r--p 00008000 08:01 7493912                    /lib/x86_64-linux-gnu/libnss_compat-2.19.so
7f12226c9000-7f12226ca000 rw-p 00009000 08:01 7493912                    /lib/x86_64-linux-gnu/libnss_compat-2.19.so
7f12226ca000-7f1222dac000 r--p 00000000 08:01 7739867                    /usr/lib/locale/locale-archive
7f1222dac000-7f1222dae000 r-xp 00000000 08:01 8142682                    /usr/lib/jvm/jdk1.8.0_60/jre/lib/amd64/libnpt.so
7f1222dae000-7f1222fae000 ---p 00002000 08:01 8142682                    /usr/lib/jvm/jdk1.8.0_60/jre/lib/amd64/libnpt.so
7f1222fae000-7f1222faf000 rw-p 00002000 08:01 8142682                    /usr/lib/jvm/jdk1.8.0_60/jre/lib/amd64/libnpt.so
7f1222faf000-7f1222fe8000 r-xp 00000000 08:01 8142671                    /usr/lib/jvm/jdk1.8.0_60/jre/lib/amd64/libjdwp.so
7f1222fe8000-7f12231e7000 ---p 00039000 08:01 8142671                    /usr/lib/jvm/jdk1.8.0_60/jre/lib/amd64/libjdwp.so
7f12231e7000-7f12231e9000 rw-p 00038000 08:01 8142671                    /usr/lib/jvm/jdk1.8.0_60/jre/lib/amd64/libjdwp.so
7f12231e9000-7f1223213000 r-xp 00000000 08:01 8142673                    /usr/lib/jvm/jdk1.8.0_60/jre/lib/amd64/libjava.so
7f1223213000-7f1223413000 ---p 0002a000 08:01 8142673                    /usr/lib/jvm/jdk1.8.0_60/jre/lib/amd64/libjava.so
7f1223413000-7f1223415000 rw-p 0002a000 08:01 8142673                    /usr/lib/jvm/jdk1.8.0_60/jre/lib/amd64/libjava.so
7f1223415000-7f1223422000 r-xp 00000000 08:01 8142656                    /usr/lib/jvm/jdk1.8.0_60/jre/lib/amd64/libverify.so
7f1223422000-7f1223622000 ---p 0000d000 08:01 8142656                    /usr/lib/jvm/jdk1.8.0_60/jre/lib/amd64/libverify.so
7f1223622000-7f1223624000 rw-p 0000d000 08:01 8142656                    /usr/lib/jvm/jdk1.8.0_60/jre/lib/amd64/libverify.so
7f1223624000-7f122362b000 r-xp 00000000 08:01 7493921                    /lib/x86_64-linux-gnu/librt-2.19.so
7f122362b000-7f122382a000 ---p 00007000 08:01 7493921                    /lib/x86_64-linux-gnu/librt-2.19.so
7f122382a000-7f122382b000 r--p 00006000 08:01 7493921                    /lib/x86_64-linux-gnu/librt-2.19.so
7f122382b000-7f122382c000 rw-p 00007000 08:01 7493921                    /lib/x86_64-linux-gnu/librt-2.19.so
7f122382c000-7f1223931000 r-xp 00000000 08:01 7492263                    /lib/x86_64-linux-gnu/libm-2.19.so
7f1223931000-7f1223b30000 ---p 00105000 08:01 7492263                    /lib/x86_64-linux-gnu/libm-2.19.so
7f1223b30000-7f1223b31000 r--p 00104000 08:01 7492263                    /lib/x86_64-linux-gnu/libm-2.19.so
7f1223b31000-7f1223b32000 rw-p 00105000 08:01 7492263                    /lib/x86_64-linux-gnu/libm-2.19.so
7f1223b32000-7f12247f0000 r-xp 00000000 08:01 8142649                    /usr/lib/jvm/jdk1.8.0_60/jre/lib/amd64/server/libjvm.so
7f12247f0000-7f12249ef000 ---p 00cbe000 08:01 8142649                    /usr/lib/jvm/jdk1.8.0_60/jre/lib/amd64/server/libjvm.so
7f12249ef000-7f1224ac7000 rw-p 00cbd000 08:01 8142649                    /usr/lib/jvm/jdk1.8.0_60/jre/lib/amd64/server/libjvm.so
7f1224ac7000-7f1224b0c000 rw-p 00000000 00:00 0 
7f1224b0c000-7f1224cc7000 r-xp 00000000 08:01 7493922                    /lib/x86_64-linux-gnu/libc-2.19.so
7f1224cc7000-7f1224ec6000 ---p 001bb000 08:01 7493922                    /lib/x86_64-linux-gnu/libc-2.19.so
7f1224ec6000-7f1224eca000 r--p 001ba000 08:01 7493922                    /lib/x86_64-linux-gnu/libc-2.19.so
7f1224eca000-7f1224ecc000 rw-p 001be000 08:01 7493922                    /lib/x86_64-linux-gnu/libc-2.19.so
7f1224ecc000-7f1224ed1000 rw-p 00000000 00:00 0 
7f1224ed1000-7f1224ed4000 r-xp 00000000 08:01 7493909                    /lib/x86_64-linux-gnu/libdl-2.19.so
7f1224ed4000-7f12250d3000 ---p 00003000 08:01 7493909                    /lib/x86_64-linux-gnu/libdl-2.19.so
7f12250d3000-7f12250d4000 r--p 00002000 08:01 7493909                    /lib/x86_64-linux-gnu/libdl-2.19.so
7f12250d4000-7f12250d5000 rw-p 00003000 08:01 7493909                    /lib/x86_64-linux-gnu/libdl-2.19.so
7f12250d5000-7f12250ea000 r-xp 00000000 08:01 7884135                    /usr/lib/jvm/jdk1.8.0_60/lib/amd64/jli/libjli.so
7f12250ea000-7f12252ea000 ---p 00015000 08:01 7884135                    /usr/lib/jvm/jdk1.8.0_60/lib/amd64/jli/libjli.so
7f12252ea000-7f12252eb000 rw-p 00015000 08:01 7884135                    /usr/lib/jvm/jdk1.8.0_60/lib/amd64/jli/libjli.so
7f12252eb000-7f1225304000 r-xp 00000000 08:01 7493914                    /lib/x86_64-linux-gnu/libpthread-2.19.so
7f1225304000-7f1225503000 ---p 00019000 08:01 7493914                    /lib/x86_64-linux-gnu/libpthread-2.19.so
7f1225503000-7f1225504000 r--p 00018000 08:01 7493914                    /lib/x86_64-linux-gnu/libpthread-2.19.so
7f1225504000-7f1225505000 rw-p 00019000 08:01 7493914                    /lib/x86_64-linux-gnu/libpthread-2.19.so
7f1225505000-7f1225509000 rw-p 00000000 00:00 0 
7f1225509000-7f122552c000 r-xp 00000000 08:01 7493915                    /lib/x86_64-linux-gnu/ld-2.19.so
7f1225537000-7f12255fd000 rw-p 00000000 00:00 0 
7f12255fd000-7f1225600000 ---p 00000000 00:00 0 
7f1225600000-7f1225703000 rw-p 00000000 00:00 0                          [stack:1370]
7f1225703000-7f1225705000 rw-p 00000000 00:00 0 
7f1225705000-7f122571f000 r--s 00223000 08:01 12348272                   /home/mohammad/workspace/AffectiveMotivationalCollaborationFramework/lib/disco.jar
7f122571f000-7f1225727000 rw-s 00000000 08:01 3681647                    /tmp/hsperfdata_mohammad/1364
7f1225727000-7f1225728000 rw-p 00000000 00:00 0 
7f1225728000-7f1225729000 r--p 00000000 00:00 0 
7f1225729000-7f122572b000 rw-p 00000000 00:00 0 
7f122572b000-7f122572c000 r--p 00022000 08:01 7493915                    /lib/x86_64-linux-gnu/ld-2.19.so
7f122572c000-7f122572d000 rw-p 00023000 08:01 7493915                    /lib/x86_64-linux-gnu/ld-2.19.so
7f122572d000-7f122572e000 rw-p 00000000 00:00 0 
7ffd481cd000-7ffd481ee000 rw-p 00000000 00:00 0                          [stack]
7ffd481fb000-7ffd481fd000 r-xp 00000000 00:00 0                          [vdso]
7ffd481fd000-7ffd481ff000 r--p 00000000 00:00 0                          [vvar]
ffffffffff600000-ffffffffff601000 r-xp 00000000 00:00 0                  [vsyscall]

VM Arguments:
jvm_args: -agentlib:jdwp=transport=dt_socket,suspend=y,address=localhost:60637 -Dfile.encoding=UTF-8 
java_command: AffectiveMotivationalCollaborationFramework
java_class_path (initial): /home/mohammad/workspace/AffectiveMotivationalCollaborationFramework/bin:/home/mohammad/workspace/AffectiveMotivationalCollaborationFramework/lib/disco.jar
Launcher Type: SUN_STANDARD

Environment Variables:
PATH=/usr/local/sbin:/usr/local/bin:/usr/sbin:/usr/bin:/sbin:/bin:/usr/games:/usr/local/games
SHELL=/bin/bash
DISPLAY=:0.0

Signal Handlers:
SIGSEGV: [libjvm.so+0xaba070], sa_mask[0]=11111111011111111101111111111110, sa_flags=SA_RESTART|SA_SIGINFO
SIGBUS: [libjvm.so+0xaba070], sa_mask[0]=11111111011111111101111111111110, sa_flags=SA_RESTART|SA_SIGINFO
SIGFPE: [libjvm.so+0x917630], sa_mask[0]=11111111011111111101111111111110, sa_flags=SA_RESTART|SA_SIGINFO
SIGPIPE: [libjvm.so+0x917630], sa_mask[0]=11111111011111111101111111111110, sa_flags=SA_RESTART|SA_SIGINFO
SIGXFSZ: [libjvm.so+0x917630], sa_mask[0]=11111111011111111101111111111110, sa_flags=SA_RESTART|SA_SIGINFO
SIGILL: [libjvm.so+0x917630], sa_mask[0]=11111111011111111101111111111110, sa_flags=SA_RESTART|SA_SIGINFO
SIGUSR1: SIG_DFL, sa_mask[0]=00000000000000000000000000000000, sa_flags=none
SIGUSR2: [libjvm.so+0x918c60], sa_mask[0]=00100000000000000000000000000000, sa_flags=SA_RESTART|SA_SIGINFO
SIGHUP: [libjvm.so+0x91a060], sa_mask[0]=11111111011111111101111111111110, sa_flags=SA_RESTART|SA_SIGINFO
SIGINT: [libjvm.so+0x91a060], sa_mask[0]=11111111011111111101111111111110, sa_flags=SA_RESTART|SA_SIGINFO
SIGTERM: [libjvm.so+0x91a060], sa_mask[0]=11111111011111111101111111111110, sa_flags=SA_RESTART|SA_SIGINFO
SIGQUIT: [libjvm.so+0x91a060], sa_mask[0]=11111111011111111101111111111110, sa_flags=SA_RESTART|SA_SIGINFO


---------------  S Y S T E M  ---------------

OS:DISTRIB_ID=Ubuntu
DISTRIB_RELEASE=14.04
DISTRIB_CODENAME=trusty
DISTRIB_DESCRIPTION="Ubuntu 14.04.4 LTS"

uname:Linux 3.16.0-67-generic #87~14.04.1-Ubuntu SMP Fri Mar 11 00:26:02 UTC 2016 x86_64
libc:glibc 2.19 NPTL 2.19 
rlimit: STACK 8192k, CORE 0k, NPROC 63880, NOFILE 4096, AS infinity
load average:0.35 0.19 0.15

/proc/meminfo:
MemTotal:       16374720 kB
MemFree:         1984796 kB
MemAvailable:   10643076 kB
Buffers:          935440 kB
Cached:          7234508 kB
SwapCached:            0 kB
Active:          9962560 kB
Inactive:        3222192 kB
Active(anon):    5019884 kB
Inactive(anon):   126264 kB
Active(file):    4942676 kB
Inactive(file):  3095928 kB
Unevictable:          32 kB
Mlocked:              32 kB
SwapTotal:      16717820 kB
SwapFree:       16717820 kB
Dirty:               312 kB
Writeback:             0 kB
AnonPages:       5014820 kB
Mapped:           645892 kB
Shmem:            131348 kB
Slab:             933344 kB
SReclaimable:     873092 kB
SUnreclaim:        60252 kB
KernelStack:       12272 kB
PageTables:        52664 kB
NFS_Unstable:          0 kB
Bounce:                0 kB
WritebackTmp:          0 kB
CommitLimit:    24905180 kB
Committed_AS:   10853344 kB
VmallocTotal:   34359738367 kB
VmallocUsed:      145204 kB
VmallocChunk:   34359587324 kB
HardwareCorrupted:     0 kB
AnonHugePages:   2582528 kB
HugePages_Total:       0
HugePages_Free:        0
HugePages_Rsvd:        0
HugePages_Surp:        0
Hugepagesize:       2048 kB
DirectMap4k:      311772 kB
DirectMap2M:    14309376 kB
DirectMap1G:     2097152 kB


CPU:total 8 (4 cores per cpu, 2 threads per core) family 6 model 60 stepping 3, cmov, cx8, fxsr, mmx, sse, sse2, sse3, ssse3, sse4.1, sse4.2, popcnt, avx, avx2, aes, clmul, erms, rtm, lzcnt, ht, tsc, tscinvbit, bmi1, bmi2

/proc/cpuinfo:
processor	: 0
vendor_id	: GenuineIntel
cpu family	: 6
model		: 60
model name	: Intel(R) Core(TM) i7-4790K CPU @ 4.00GHz
stepping	: 3
microcode	: 0x19
cpu MHz		: 4400.000
cache size	: 8192 KB
physical id	: 0
siblings	: 8
core id		: 0
cpu cores	: 4
apicid		: 0
initial apicid	: 0
fpu		: yes
fpu_exception	: yes
cpuid level	: 13
wp		: yes
flags		: fpu vme de pse tsc msr pae mce cx8 apic sep mtrr pge mca cmov pat pse36 clflush dts acpi mmx fxsr sse sse2 ss ht tm pbe syscall nx pdpe1gb rdtscp lm constant_tsc arch_perfmon pebs bts rep_good nopl xtopology nonstop_tsc aperfmperf eagerfpu pni pclmulqdq dtes64 monitor ds_cpl vmx est tm2 ssse3 fma cx16 xtpr pdcm pcid sse4_1 sse4_2 x2apic movbe popcnt tsc_deadline_timer aes xsave avx f16c rdrand lahf_lm abm ida arat epb xsaveopt pln pts dtherm tpr_shadow vnmi flexpriority ept vpid fsgsbase tsc_adjust bmi1 hle avx2 smep bmi2 erms invpcid rtm
bogomips	: 7995.35
clflush size	: 64
cache_alignment	: 64
address sizes	: 39 bits physical, 48 bits virtual
power management:

processor	: 1
vendor_id	: GenuineIntel
cpu family	: 6
model		: 60
model name	: Intel(R) Core(TM) i7-4790K CPU @ 4.00GHz
stepping	: 3
microcode	: 0x19
cpu MHz		: 4400.000
cache size	: 8192 KB
physical id	: 0
siblings	: 8
core id		: 1
cpu cores	: 4
apicid		: 2
initial apicid	: 2
fpu		: yes
fpu_exception	: yes
cpuid level	: 13
wp		: yes
flags		: fpu vme de pse tsc msr pae mce cx8 apic sep mtrr pge mca cmov pat pse36 clflush dts acpi mmx fxsr sse sse2 ss ht tm pbe syscall nx pdpe1gb rdtscp lm constant_tsc arch_perfmon pebs bts rep_good nopl xtopology nonstop_tsc aperfmperf eagerfpu pni pclmulqdq dtes64 monitor ds_cpl vmx est tm2 ssse3 fma cx16 xtpr pdcm pcid sse4_1 sse4_2 x2apic movbe popcnt tsc_deadline_timer aes xsave avx f16c rdrand lahf_lm abm ida arat epb xsaveopt pln pts dtherm tpr_shadow vnmi flexpriority ept vpid fsgsbase tsc_adjust bmi1 hle avx2 smep bmi2 erms invpcid rtm
bogomips	: 7995.35
clflush size	: 64
cache_alignment	: 64
address sizes	: 39 bits physical, 48 bits virtual
power management:

processor	: 2
vendor_id	: GenuineIntel
cpu family	: 6
model		: 60
model name	: Intel(R) Core(TM) i7-4790K CPU @ 4.00GHz
stepping	: 3
microcode	: 0x19
cpu MHz		: 4400.000
cache size	: 8192 KB
physical id	: 0
siblings	: 8
core id		: 2
cpu cores	: 4
apicid		: 4
initial apicid	: 4
fpu		: yes
fpu_exception	: yes
cpuid level	: 13
wp		: yes
flags		: fpu vme de pse tsc msr pae mce cx8 apic sep mtrr pge mca cmov pat pse36 clflush dts acpi mmx fxsr sse sse2 ss ht tm pbe syscall nx pdpe1gb rdtscp lm constant_tsc arch_perfmon pebs bts rep_good nopl xtopology nonstop_tsc aperfmperf eagerfpu pni pclmulqdq dtes64 monitor ds_cpl vmx est tm2 ssse3 fma cx16 xtpr pdcm pcid sse4_1 sse4_2 x2apic movbe popcnt tsc_deadline_timer aes xsave avx f16c rdrand lahf_lm abm ida arat epb xsaveopt pln pts dtherm tpr_shadow vnmi flexpriority ept vpid fsgsbase tsc_adjust bmi1 hle avx2 smep bmi2 erms invpcid rtm
bogomips	: 7995.35
clflush size	: 64
cache_alignment	: 64
address sizes	: 39 bits physical, 48 bits virtual
power management:

processor	: 3
vendor_id	: GenuineIntel
cpu family	: 6
model		: 60
model name	: Intel(R) Core(TM) i7-4790K CPU @ 4.00GHz
stepping	: 3
microcode	: 0x19
cpu MHz		: 4400.156
cache size	: 8192 KB
physical id	: 0
siblings	: 8
core id		: 3
cpu cores	: 4
apicid		: 6
initial apicid	: 6
fpu		: yes
fpu_exception	: yes
cpuid level	: 13
wp		: yes
flags		: fpu vme de pse tsc msr pae mce cx8 apic sep mtrr pge mca cmov pat pse36 clflush dts acpi mmx fxsr sse sse2 ss ht tm pbe syscall nx pdpe1gb rdtscp lm constant_tsc arch_perfmon pebs bts rep_good nopl xtopology nonstop_tsc aperfmperf eagerfpu pni pclmulqdq dtes64 monitor ds_cpl vmx est tm2 ssse3 fma cx16 xtpr pdcm pcid sse4_1 sse4_2 x2apic movbe popcnt tsc_deadline_timer aes xsave avx f16c rdrand lahf_lm abm ida arat epb xsaveopt pln pts dtherm tpr_shadow vnmi flexpriority ept vpid fsgsbase tsc_adjust bmi1 hle avx2 smep bmi2 erms invpcid rtm
bogomips	: 7995.35
clflush size	: 64
cache_alignment	: 64
address sizes	: 39 bits physical, 48 bits virtual
power management:

processor	: 4
vendor_id	: GenuineIntel
cpu family	: 6
model		: 60
model name	: Intel(R) Core(TM) i7-4790K CPU @ 4.00GHz
stepping	: 3
microcode	: 0x19
cpu MHz		: 4372.968
cache size	: 8192 KB
physical id	: 0
siblings	: 8
core id		: 0
cpu cores	: 4
apicid		: 1
initial apicid	: 1
fpu		: yes
fpu_exception	: yes
cpuid level	: 13
wp		: yes
flags		: fpu vme de pse tsc msr pae mce cx8 apic sep mtrr pge mca cmov pat pse36 clflush dts acpi mmx fxsr sse sse2 ss ht tm pbe syscall nx pdpe1gb rdtscp lm constant_tsc arch_perfmon pebs bts rep_good nopl xtopology nonstop_tsc aperfmperf eagerfpu pni pclmulqdq dtes64 monitor ds_cpl vmx est tm2 ssse3 fma cx16 xtpr pdcm pcid sse4_1 sse4_2 x2apic movbe popcnt tsc_deadline_timer aes xsave avx f16c rdrand lahf_lm abm ida arat epb xsaveopt pln pts dtherm tpr_shadow vnmi flexpriority ept vpid fsgsbase tsc_adjust bmi1 hle avx2 smep bmi2 erms invpcid rtm
bogomips	: 7995.35
clflush size	: 64
cache_alignment	: 64
address sizes	: 39 bits physical, 48 bits virtual
power management:

processor	: 5
vendor_id	: GenuineIntel
cpu family	: 6
model		: 60
model name	: Intel(R) Core(TM) i7-4790K CPU @ 4.00GHz
stepping	: 3
microcode	: 0x19
cpu MHz		: 4400.000
cache size	: 8192 KB
physical id	: 0
siblings	: 8
core id		: 1
cpu cores	: 4
apicid		: 3
initial apicid	: 3
fpu		: yes
fpu_exception	: yes
cpuid level	: 13
wp		: yes
flags		: fpu vme de pse tsc msr pae mce cx8 apic sep mtrr pge mca cmov pat pse36 clflush dts acpi mmx fxsr sse sse2 ss ht tm pbe syscall nx pdpe1gb rdtscp lm constant_tsc arch_perfmon pebs bts rep_good nopl xtopology nonstop_tsc aperfmperf eagerfpu pni pclmulqdq dtes64 monitor ds_cpl vmx est tm2 ssse3 fma cx16 xtpr pdcm pcid sse4_1 sse4_2 x2apic movbe popcnt tsc_deadline_timer aes xsave avx f16c rdrand lahf_lm abm ida arat epb xsaveopt pln pts dtherm tpr_shadow vnmi flexpriority ept vpid fsgsbase tsc_adjust bmi1 hle avx2 smep bmi2 erms invpcid rtm
bogomips	: 7995.35
clflush size	: 64
cache_alignment	: 64
address sizes	: 39 bits physical, 48 bits virtual
power management:

processor	: 6
vendor_id	: GenuineIntel
cpu family	: 6
model		: 60
model name	: Intel(R) Core(TM) i7-4790K CPU @ 4.00GHz
stepping	: 3
microcode	: 0x19
cpu MHz		: 4400.000
cache size	: 8192 KB
physical id	: 0
siblings	: 8
core id		: 2
cpu cores	: 4
apicid		: 5
initial apicid	: 5
fpu		: yes
fpu_exception	: yes
cpuid level	: 13
wp		: yes
flags		: fpu vme de pse tsc msr pae mce cx8 apic sep mtrr pge mca cmov pat pse36 clflush dts acpi mmx fxsr sse sse2 ss ht tm pbe syscall nx pdpe1gb rdtscp lm constant_tsc arch_perfmon pebs bts rep_good nopl xtopology nonstop_tsc aperfmperf eagerfpu pni pclmulqdq dtes64 monitor ds_cpl vmx est tm2 ssse3 fma cx16 xtpr pdcm pcid sse4_1 sse4_2 x2apic movbe popcnt tsc_deadline_timer aes xsave avx f16c rdrand lahf_lm abm ida arat epb xsaveopt pln pts dtherm tpr_shadow vnmi flexpriority ept vpid fsgsbase tsc_adjust bmi1 hle avx2 smep bmi2 erms invpcid rtm
bogomips	: 7995.35
clflush size	: 64
cache_alignment	: 64
address sizes	: 39 bits physical, 48 bits virtual
power management:

processor	: 7
vendor_id	: GenuineIntel
cpu family	: 6
model		: 60
model name	: Intel(R) Core(TM) i7-4790K CPU @ 4.00GHz
stepping	: 3
microcode	: 0x19
cpu MHz		: 4400.000
cache size	: 8192 KB
physical id	: 0
siblings	: 8
core id		: 3
cpu cores	: 4
apicid		: 7
initial apicid	: 7
fpu		: yes
fpu_exception	: yes
cpuid level	: 13
wp		: yes
flags		: fpu vme de pse tsc msr pae mce cx8 apic sep mtrr pge mca cmov pat pse36 clflush dts acpi mmx fxsr sse sse2 ss ht tm pbe syscall nx pdpe1gb rdtscp lm constant_tsc arch_perfmon pebs bts rep_good nopl xtopology nonstop_tsc aperfmperf eagerfpu pni pclmulqdq dtes64 monitor ds_cpl vmx est tm2 ssse3 fma cx16 xtpr pdcm pcid sse4_1 sse4_2 x2apic movbe popcnt tsc_deadline_timer aes xsave avx f16c rdrand lahf_lm abm ida arat epb xsaveopt pln pts dtherm tpr_shadow vnmi flexpriority ept vpid fsgsbase tsc_adjust bmi1 hle avx2 smep bmi2 erms invpcid rtm
bogomips	: 7995.35
clflush size	: 64
cache_alignment	: 64
address sizes	: 39 bits physical, 48 bits virtual
power management:



Memory: 4k page, physical 16374720k(1984796k free), swap 16717820k(16717820k free)

vm_info: Java HotSpot(TM) 64-Bit Server VM (25.60-b23) for linux-amd64 JRE (1.8.0_60-b27), built on Aug  4 2015 12:19:40 by "java_re" with gcc 4.3.0 20080428 (Red Hat 4.3.0-8)

time: Wed May 11 14:37:52 2016
elapsed time: 27 seconds (0d 0h 0m 27s)

